<?xml version="1.0" encoding="UTF-8"?>
<testsuite name="demoTestPackage.POCSportTests" time="178.868" tests="1" errors="1" skipped="0" failures="0">
  <properties>
[...]
</properties>
  <testcase name="startSportOrder" classname="demoTestPackage.POCSportTests" time="178.868">
    <error message="TEST CASE FAILED" type="java.lang.Exception">java.lang.Exception: TEST CASE FAILED
	at testrulesmanagement.TestRuleTestCaseLevel$1.evaluate(TestRuleTestCaseLevel.java:66)
	at org.junit.rules.RunRules.evaluate(RunRules.java:20)
	at org.junit.runners.ParentRunner.runLeaf(ParentRunner.java:325)
	at org.junit.runners.BlockJUnit4ClassRunner.runChild(BlockJUnit4ClassRunner.java:76)
	at org.junit.runners.BlockJUnit4ClassRunner.runChild(BlockJUnit4ClassRunner.java:55)
	at org.junit.runners.ParentRunner$3.run(ParentRunner.java:290)
	at org.junit.runners.ParentRunner$1.schedule(ParentRunner.java:71)
	at org.junit.runners.ParentRunner.runChildren(ParentRunner.java:288)
	at org.junit.runners.ParentRunner.access$000(ParentRunner.java:58)
	at org.junit.runners.ParentRunner$2.evaluate(ParentRunner.java:268)
	at testrulesmanagement.TestRuleTestClassLevel$1.evaluate(TestRuleTestClassLevel.java:44)
	at org.junit.rules.RunRules.evaluate(RunRules.java:20)
	at org.junit.runners.ParentRunner.run(ParentRunner.java:363)
	at org.apache.maven.surefire.junit4.JUnit4Provider.execute(JUnit4Provider.java:283)
	at org.apache.maven.surefire.junit4.JUnit4Provider.executeWithRerun(JUnit4Provider.java:173)
	at org.apache.maven.surefire.junit4.JUnit4Provider.executeTestSet(JUnit4Provider.java:153)
	at org.apache.maven.surefire.junit4.JUnit4Provider.invoke(JUnit4Provider.java:128)
	at org.apache.maven.surefire.booter.ForkedBooter.invokeProviderInSameClassLoader(ForkedBooter.java:203)
	at org.apache.maven.surefire.booter.ForkedBooter.runSuitesInProcess(ForkedBooter.java:155)
	at org.apache.maven.surefire.booter.ForkedBooter.main(ForkedBooter.java:103)
</error>
    <system-out><![CDATA[16 jan 09:46:28,848  
##############################################################
##############################################################
################TEST CLASS POCSPORTTESTS STARTS#################
##############################################################
##############################################################

16 jan 09:46:28,848  
****************************************************************
**************TEST CASE, startSportOrder, STARTS**************
16 jan 09:46:28,848  COMMONTESTSTEPS StartTheWebApplication  http://proj.salesportal.scania.com:10039/wps/portal/
16 jan 09:46:36,740  COMMONTESTSTEPS login 
16 jan 09:46:36,740  LOGINPAGE fieldUserIDInsert  xdstest1
16 jan 09:47:18,264  LOGINPAGE fieldPasswordInsert  ******
16 jan 09:47:59,123  LOGINPAGE buttonLogOnClick 
16 jan 09:48:48,232  FINDWEBDRIVERELEMENT$1 apply  13 elements were found [Lorg.openqa.selenium.By;@3175ade6
16 jan 09:48:48,357  FINDWEBDRIVERELEMENT$1 apply  Tag name element_0: input
16 jan 09:48:49,121  FINDWEBDRIVERELEMENT$1 apply  Text element_0: 
16 jan 09:48:49,121  FINDWEBDRIVERELEMENT$1 apply  13 elements were found [Lorg.openqa.selenium.By;@3175ade6
16 jan 09:48:49,246  FINDWEBDRIVERELEMENT$1 apply  Tag name element_1: input
16 jan 09:48:49,715  FINDWEBDRIVERELEMENT$1 apply  Text element_1: 
16 jan 09:48:49,715  FINDWEBDRIVERELEMENT$1 apply  13 elements were found [Lorg.openqa.selenium.By;@3175ade6
16 jan 09:48:50,105  FINDWEBDRIVERELEMENT$1 apply  Tag name element_2: input
16 jan 09:48:50,510  FINDWEBDRIVERELEMENT$1 apply  Text element_2: 
16 jan 09:48:50,510  FINDWEBDRIVERELEMENT$1 apply  13 elements were found [Lorg.openqa.selenium.By;@3175ade6
16 jan 09:48:50,807  FINDWEBDRIVERELEMENT$1 apply  Tag name element_3: input
16 jan 09:48:51,213  FINDWEBDRIVERELEMENT$1 apply  Text element_3: 
16 jan 09:48:51,213  FINDWEBDRIVERELEMENT$1 apply  13 elements were found [Lorg.openqa.selenium.By;@3175ade6
16 jan 09:48:51,322  FINDWEBDRIVERELEMENT$1 apply  Tag name element_4: input
16 jan 09:48:51,852  FINDWEBDRIVERELEMENT$1 apply  Text element_4: 
16 jan 09:48:51,852  FINDWEBDRIVERELEMENT$1 apply  13 elements were found [Lorg.openqa.selenium.By;@3175ade6
16 jan 09:48:52,274  FINDWEBDRIVERELEMENT$1 apply  Tag name element_5: input
16 jan 09:48:53,132  FINDWEBDRIVERELEMENT$1 apply  Text element_5: 
16 jan 09:48:53,132  FINDWEBDRIVERELEMENT$1 apply  13 elements were found [Lorg.openqa.selenium.By;@3175ade6
16 jan 09:48:53,257  FINDWEBDRIVERELEMENT$1 apply  Tag name element_6: input
16 jan 09:48:54,006  FINDWEBDRIVERELEMENT$1 apply  Text element_6: 
16 jan 09:48:54,006  FINDWEBDRIVERELEMENT$1 apply  13 elements were found [Lorg.openqa.selenium.By;@3175ade6
16 jan 09:48:54,115  FINDWEBDRIVERELEMENT$1 apply  Tag name element_7: input
16 jan 09:48:54,505  FINDWEBDRIVERELEMENT$1 apply  Text element_7: 
16 jan 09:48:54,505  FINDWEBDRIVERELEMENT$1 apply  13 elements were found [Lorg.openqa.selenium.By;@3175ade6
16 jan 09:48:54,802  FINDWEBDRIVERELEMENT$1 apply  Tag name element_8: input
16 jan 09:48:54,942  FINDWEBDRIVERELEMENT$1 apply  Text element_8: 
16 jan 09:48:54,942  FINDWEBDRIVERELEMENT$1 apply  13 elements were found [Lorg.openqa.selenium.By;@3175ade6
16 jan 09:48:55,176  FINDWEBDRIVERELEMENT$1 apply  Tag name element_9: input
16 jan 09:48:55,332  FINDWEBDRIVERELEMENT$1 apply  Text element_9: 
16 jan 09:48:55,332  FINDWEBDRIVERELEMENT$1 apply  13 elements were found [Lorg.openqa.selenium.By;@3175ade6
16 jan 09:48:55,535  FINDWEBDRIVERELEMENT$1 apply  Tag name element_10: input
16 jan 09:48:55,645  FINDWEBDRIVERELEMENT$1 apply  Text element_10: 
16 jan 09:48:55,645  FINDWEBDRIVERELEMENT$1 apply  13 elements were found [Lorg.openqa.selenium.By;@3175ade6
16 jan 09:48:55,708  FINDWEBDRIVERELEMENT$1 apply  Tag name element_11: input
16 jan 09:48:55,957  FINDWEBDRIVERELEMENT$1 apply  Text element_11: 
16 jan 09:48:55,957  FINDWEBDRIVERELEMENT$1 apply  13 elements were found [Lorg.openqa.selenium.By;@3175ade6
16 jan 09:48:56,066  FINDWEBDRIVERELEMENT$1 apply  Tag name element_12: input
16 jan 09:48:56,269  FINDWEBDRIVERELEMENT$1 apply  Text element_12: 
16 jan 09:48:57,594  FINDWEBDRIVERELEMENT$1 apply  13 elements were found [Lorg.openqa.selenium.By;@3175ade6
16 jan 09:48:57,689  FINDWEBDRIVERELEMENT$1 apply  Tag name element_0: input
16 jan 09:48:58,079  FINDWEBDRIVERELEMENT$1 apply  Text element_0: 
16 jan 09:48:58,079  FINDWEBDRIVERELEMENT$1 apply  13 elements were found [Lorg.openqa.selenium.By;@3175ade6
16 jan 09:48:58,172  FINDWEBDRIVERELEMENT$1 apply  Tag name element_1: input
16 jan 09:48:58,546  FINDWEBDRIVERELEMENT$1 apply  Text element_1: 
16 jan 09:48:58,546  FINDWEBDRIVERELEMENT$1 apply  13 elements were found [Lorg.openqa.selenium.By;@3175ade6
16 jan 09:48:58,811  FINDWEBDRIVERELEMENT$1 apply  Tag name element_2: input
16 jan 09:48:59,233  FINDWEBDRIVERELEMENT$1 apply  Text element_2: 
16 jan 09:48:59,233  FINDWEBDRIVERELEMENT$1 apply  13 elements were found [Lorg.openqa.selenium.By;@3175ade6
16 jan 09:48:59,311  FINDWEBDRIVERELEMENT$1 apply  Tag name element_3: input
16 jan 09:48:59,655  FINDWEBDRIVERELEMENT$1 apply  Text element_3: 
16 jan 09:48:59,655  FINDWEBDRIVERELEMENT$1 apply  13 elements were found [Lorg.openqa.selenium.By;@3175ade6
16 jan 09:48:59,732  FINDWEBDRIVERELEMENT$1 apply  Tag name element_4: input
16 jan 09:49:00,076  FINDWEBDRIVERELEMENT$1 apply  Text element_4: 
16 jan 09:49:00,076  FINDWEBDRIVERELEMENT$1 apply  13 elements were found [Lorg.openqa.selenium.By;@3175ade6
16 jan 09:49:00,170  FINDWEBDRIVERELEMENT$1 apply  Tag name element_5: input
16 jan 09:49:00,560  FINDWEBDRIVERELEMENT$1 apply  Text element_5: 
16 jan 09:49:00,560  FINDWEBDRIVERELEMENT$1 apply  13 elements were found [Lorg.openqa.selenium.By;@3175ade6
16 jan 09:49:00,809  FINDWEBDRIVERELEMENT$1 apply  Tag name element_6: input
16 jan 09:49:00,950  FINDWEBDRIVERELEMENT$1 apply  Text element_6: 
16 jan 09:49:00,950  FINDWEBDRIVERELEMENT$1 apply  13 elements were found [Lorg.openqa.selenium.By;@3175ade6
16 jan 09:49:01,028  FINDWEBDRIVERELEMENT$1 apply  Tag name element_7: input
16 jan 09:49:01,355  FINDWEBDRIVERELEMENT$1 apply  Text element_7: 
16 jan 09:49:01,355  FINDWEBDRIVERELEMENT$1 apply  13 elements were found [Lorg.openqa.selenium.By;@3175ade6
16 jan 09:49:01,715  FINDWEBDRIVERELEMENT$1 apply  Tag name element_8: input
16 jan 09:49:02,307  FINDWEBDRIVERELEMENT$1 apply  Text element_8: 
16 jan 09:49:02,307  FINDWEBDRIVERELEMENT$1 apply  13 elements were found [Lorg.openqa.selenium.By;@3175ade6
16 jan 09:49:02,572  FINDWEBDRIVERELEMENT$1 apply  Tag name element_9: input
16 jan 09:49:02,932  FINDWEBDRIVERELEMENT$1 apply  Text element_9: 
16 jan 09:49:02,932  FINDWEBDRIVERELEMENT$1 apply  13 elements were found [Lorg.openqa.selenium.By;@3175ade6
16 jan 09:49:03,026  FINDWEBDRIVERELEMENT$1 apply  Tag name element_10: input
16 jan 09:49:03,415  FINDWEBDRIVERELEMENT$1 apply  Text element_10: 
16 jan 09:49:03,415  FINDWEBDRIVERELEMENT$1 apply  13 elements were found [Lorg.openqa.selenium.By;@3175ade6
16 jan 09:49:03,696  FINDWEBDRIVERELEMENT$1 apply  Tag name element_11: input
16 jan 09:49:04,149  FINDWEBDRIVERELEMENT$1 apply  Text element_11: 
16 jan 09:49:04,149  FINDWEBDRIVERELEMENT$1 apply  13 elements were found [Lorg.openqa.selenium.By;@3175ade6
16 jan 09:49:04,227  FINDWEBDRIVERELEMENT$1 apply  Tag name element_12: input
16 jan 09:49:04,555  FINDWEBDRIVERELEMENT$1 apply  Text element_12: 
16 jan 09:49:05,864  FINDWEBDRIVERELEMENT$1 apply  13 elements were found [Lorg.openqa.selenium.By;@3175ade6
16 jan 09:49:06,208  FINDWEBDRIVERELEMENT$1 apply  Tag name element_0: input
16 jan 09:49:06,614  FINDWEBDRIVERELEMENT$1 apply  Text element_0: 
16 jan 09:49:06,614  FINDWEBDRIVERELEMENT$1 apply  13 elements were found [Lorg.openqa.selenium.By;@3175ade6
16 jan 09:49:06,707  FINDWEBDRIVERELEMENT$1 apply  Tag name element_1: input
16 jan 09:49:07,097  FINDWEBDRIVERELEMENT$1 apply  Text element_1: 
16 jan 09:49:07,097  FINDWEBDRIVERELEMENT$1 apply  13 elements were found [Lorg.openqa.selenium.By;@3175ade6
16 jan 09:49:07,441  FINDWEBDRIVERELEMENT$1 apply  Tag name element_2: input
16 jan 09:49:07,909  FINDWEBDRIVERELEMENT$1 apply  Text element_2: 
16 jan 09:49:07,909  FINDWEBDRIVERELEMENT$1 apply  13 elements were found [Lorg.openqa.selenium.By;@3175ade6
16 jan 09:49:08,018  FINDWEBDRIVERELEMENT$1 apply  Tag name element_3: input
16 jan 09:49:08,470  FINDWEBDRIVERELEMENT$1 apply  Text element_3: 
16 jan 09:49:08,470  FINDWEBDRIVERELEMENT$1 apply  13 elements were found [Lorg.openqa.selenium.By;@3175ade6
16 jan 09:49:08,830  FINDWEBDRIVERELEMENT$1 apply  Tag name element_4: input
16 jan 09:49:09,298  FINDWEBDRIVERELEMENT$1 apply  Text element_4: 
16 jan 09:49:09,298  FINDWEBDRIVERELEMENT$1 apply  13 elements were found [Lorg.openqa.selenium.By;@3175ade6
16 jan 09:49:09,703  FINDWEBDRIVERELEMENT$1 apply  Tag name element_5: input
16 jan 09:49:10,219  FINDWEBDRIVERELEMENT$1 apply  Text element_5: 
16 jan 09:49:10,219  FINDWEBDRIVERELEMENT$1 apply  13 elements were found [Lorg.openqa.selenium.By;@3175ade6
16 jan 09:49:10,577  FINDWEBDRIVERELEMENT$1 apply  Tag name element_6: input
16 jan 09:49:11,030  FINDWEBDRIVERELEMENT$1 apply  Text element_6: 
16 jan 09:49:11,030  FINDWEBDRIVERELEMENT$1 apply  13 elements were found [Lorg.openqa.selenium.By;@3175ade6
16 jan 09:49:11,140  FINDWEBDRIVERELEMENT$1 apply  Tag name element_7: input
16 jan 09:49:11,639  FINDWEBDRIVERELEMENT$1 apply  Text element_7: 
16 jan 09:49:11,639  FINDWEBDRIVERELEMENT$1 apply  13 elements were found [Lorg.openqa.selenium.By;@3175ade6
16 jan 09:49:11,997  FINDWEBDRIVERELEMENT$1 apply  Tag name element_8: input
16 jan 09:49:12,450  FINDWEBDRIVERELEMENT$1 apply  Text element_8: 
16 jan 09:49:12,450  FINDWEBDRIVERELEMENT$1 apply  13 elements were found [Lorg.openqa.selenium.By;@3175ade6
16 jan 09:49:12,779  FINDWEBDRIVERELEMENT$1 apply  Tag name element_9: input
16 jan 09:49:13,247  FINDWEBDRIVERELEMENT$1 apply  Text element_9: 
16 jan 09:49:13,247  FINDWEBDRIVERELEMENT$1 apply  13 elements were found [Lorg.openqa.selenium.By;@3175ade6
16 jan 09:49:13,340  FINDWEBDRIVERELEMENT$1 apply  Tag name element_10: input
16 jan 09:49:14,182  FINDWEBDRIVERELEMENT$1 apply  Text element_10: 
16 jan 09:49:14,182  FINDWEBDRIVERELEMENT$1 apply  13 elements were found [Lorg.openqa.selenium.By;@3175ade6
16 jan 09:49:14,277  FINDWEBDRIVERELEMENT$1 apply  Tag name element_11: input
16 jan 09:49:14,698  FINDWEBDRIVERELEMENT$1 apply  Text element_11: 
16 jan 09:49:14,698  FINDWEBDRIVERELEMENT$1 apply  13 elements were found [Lorg.openqa.selenium.By;@3175ade6
16 jan 09:49:14,979  FINDWEBDRIVERELEMENT$1 apply  Tag name element_12: input
16 jan 09:49:15,181  FINDWEBDRIVERELEMENT$1 apply  Text element_12: 
16 jan 09:49:16,304  FINDWEBDRIVERELEMENT$1 apply  13 elements were found [Lorg.openqa.selenium.By;@3175ade6
16 jan 09:49:16,414  FINDWEBDRIVERELEMENT$1 apply  Tag name element_0: input
16 jan 09:49:16,742  FINDWEBDRIVERELEMENT$1 apply  Text element_0: 
16 jan 09:49:16,742  FINDWEBDRIVERELEMENT$1 apply  13 elements were found [Lorg.openqa.selenium.By;@3175ade6
16 jan 09:49:16,976  FINDWEBDRIVERELEMENT$1 apply  Tag name element_1: input
16 jan 09:49:17,147  FINDWEBDRIVERELEMENT$1 apply  Text element_1: 
16 jan 09:49:17,147  FINDWEBDRIVERELEMENT$1 apply  13 elements were found [Lorg.openqa.selenium.By;@3175ade6
16 jan 09:49:17,412  FINDWEBDRIVERELEMENT$1 apply  Tag name element_2: input
16 jan 09:49:17,881  FINDWEBDRIVERELEMENT$1 apply  Text element_2: 
16 jan 09:49:17,881  FINDWEBDRIVERELEMENT$1 apply  13 elements were found [Lorg.openqa.selenium.By;@3175ade6
16 jan 09:49:18,255  FINDWEBDRIVERELEMENT$1 apply  Tag name element_3: input
16 jan 09:49:18,738  FINDWEBDRIVERELEMENT$1 apply  Text element_3: 
16 jan 09:49:18,738  FINDWEBDRIVERELEMENT$1 apply  13 elements were found [Lorg.openqa.selenium.By;@3175ade6
16 jan 09:49:18,849  FINDWEBDRIVERELEMENT$1 apply  Tag name element_4: input
16 jan 09:49:19,566  FINDWEBDRIVERELEMENT$1 apply  Text element_4: 
16 jan 09:49:19,566  FINDWEBDRIVERELEMENT$1 apply  13 elements were found [Lorg.openqa.selenium.By;@3175ade6
16 jan 09:49:19,644  FINDWEBDRIVERELEMENT$1 apply  Tag name element_5: input
16 jan 09:49:20,018  FINDWEBDRIVERELEMENT$1 apply  Text element_5: 
16 jan 09:49:20,018  FINDWEBDRIVERELEMENT$1 apply  13 elements were found [Lorg.openqa.selenium.By;@3175ade6
16 jan 09:49:20,347  FINDWEBDRIVERELEMENT$1 apply  Tag name element_6: input
16 jan 09:49:20,534  FINDWEBDRIVERELEMENT$1 apply  Text element_6: 
16 jan 09:49:20,534  FINDWEBDRIVERELEMENT$1 apply  13 elements were found [Lorg.openqa.selenium.By;@3175ade6
16 jan 09:49:20,799  FINDWEBDRIVERELEMENT$1 apply  Tag name element_7: input
16 jan 09:49:21,298  FINDWEBDRIVERELEMENT$1 apply  Text element_7: 
16 jan 09:49:21,298  FINDWEBDRIVERELEMENT$1 apply  13 elements were found [Lorg.openqa.selenium.By;@3175ade6
16 jan 09:49:21,673  FINDWEBDRIVERELEMENT$1 apply  Tag name element_8: input
16 jan 09:49:22,172  FINDWEBDRIVERELEMENT$1 apply  Text element_8: 
16 jan 09:49:22,172  FINDWEBDRIVERELEMENT$1 apply  13 elements were found [Lorg.openqa.selenium.By;@3175ade6
16 jan 09:49:22,562  FINDWEBDRIVERELEMENT$1 apply  Tag name element_9: input
16 jan 09:49:22,734  FINDWEBDRIVERELEMENT$1 apply  Text element_9: 
16 jan 09:49:22,734  FINDWEBDRIVERELEMENT$1 apply  13 elements were found [Lorg.openqa.selenium.By;@3175ade6
16 jan 09:49:22,984  FINDWEBDRIVERELEMENT$1 apply  Tag name element_10: input
16 jan 09:49:23,264  FINDWEBDRIVERELEMENT$1 apply  Text element_10: 
16 jan 09:49:23,264  FINDWEBDRIVERELEMENT$1 apply  13 elements were found [Lorg.openqa.selenium.By;@3175ade6
16 jan 09:49:23,327  FINDWEBDRIVERELEMENT$1 apply  Tag name element_11: input
16 jan 09:49:23,483  FINDWEBDRIVERELEMENT$1 apply  Text element_11: 
16 jan 09:49:23,483  FINDWEBDRIVERELEMENT$1 apply  13 elements were found [Lorg.openqa.selenium.By;@3175ade6
16 jan 09:49:23,732  FINDWEBDRIVERELEMENT$1 apply  Tag name element_12: input
16 jan 09:49:24,207  FINDWEBDRIVERELEMENT$1 apply  Text element_12: 
16 jan 09:49:24,721  
--------------ERROR MESSGE:--------------
No Element Was Found by: By.xpath: //input[@type='submit']
 EXCEPTION THROWN: java.lang.RuntimeException: No element '[Lorg.openqa.selenium.By;@3175ade6' was found

--------------STACK TRACE:--------------

16 jan 09:49:24,721  java.lang.RuntimeException: No Element Was Found by: By.xpath: //input[@type='submit']
 EXCEPTION THROWN: java.lang.RuntimeException: No element '[Lorg.openqa.selenium.By;@3175ade6' was found

	at elementmanagement.seleniumWebDriverElementMgn.FindWebDriverElement.wiatAndGetElement(FindWebDriverElement.java:265)
	at elementmanagement.seleniumWebDriverElementMgn.FindWebDriverElement.waitForElementByXPath(FindWebDriverElement.java:113)
	at elementmanagement.seleniumWebDriverElementMgn.OperateOnWebDriverElement.clickAnElementByXPath(OperateOnWebDriverElement.java:219)
	at elementmanagement.seleniumWebDriverElementMgn.OperateOnWebDriverElement.clickAnElementByXPath(OperateOnWebDriverElement.java:206)
	at elementmanagement.seleniumWebDriverElementMgn.OperateOnWebDriverElement.clickAnElementByXPath(OperateOnWebDriverElement.java:195)
	at windowAndPageMgn.pageMgn.Pages.LogInPage.buttonLogOnClick(LogInPage.java:20)
	at commontestmanagement.CommonTestSteps.login(CommonTestSteps.java:33)
	at demoTestPackage.POCSportTests.preCondtion(POCSportTests.java:27)
	at sun.reflect.NativeMethodAccessorImpl.invoke0(Native Method)
	at sun.reflect.NativeMethodAccessorImpl.invoke(NativeMethodAccessorImpl.java:39)
	at sun.reflect.DelegatingMethodAccessorImpl.invoke(DelegatingMethodAccessorImpl.java:25)
	at java.lang.reflect.Method.invoke(Method.java:597)
	at org.junit.runners.model.FrameworkMethod$1.runReflectiveCall(FrameworkMethod.java:50)
	at org.junit.internal.runners.model.ReflectiveCallable.run(ReflectiveCallable.java:12)
	at org.junit.runners.model.FrameworkMethod.invokeExplosively(FrameworkMethod.java:47)
	at org.junit.internal.runners.statements.RunBefores.evaluate(RunBefores.java:24)
	at org.junit.internal.runners.statements.RunAfters.evaluate(RunAfters.java:27)
	at testrulesmanagement.TestRuleTestCaseLevel$1.evaluate(TestRuleTestCaseLevel.java:46)
	at org.junit.rules.RunRules.evaluate(RunRules.java:20)
	at org.junit.runners.ParentRunner.runLeaf(ParentRunner.java:325)
	at org.junit.runners.BlockJUnit4ClassRunner.runChild(BlockJUnit4ClassRunner.java:76)
	at org.junit.runners.BlockJUnit4ClassRunner.runChild(BlockJUnit4ClassRunner.java:55)
	at org.junit.runners.ParentRunner$3.run(ParentRunner.java:290)
	at org.junit.runners.ParentRunner$1.schedule(ParentRunner.java:71)
	at org.junit.runners.ParentRunner.runChildren(ParentRunner.java:288)
	at org.junit.runners.ParentRunner.access$000(ParentRunner.java:58)
	at org.junit.runners.ParentRunner$2.evaluate(ParentRunner.java:268)
	at testrulesmanagement.TestRuleTestClassLevel$1.evaluate(TestRuleTestClassLevel.java:44)
	at org.junit.rules.RunRules.evaluate(RunRules.java:20)
	at org.junit.runners.ParentRunner.run(ParentRunner.java:363)
	at org.apache.maven.surefire.junit4.JUnit4Provider.execute(JUnit4Provider.java:283)
	at org.apache.maven.surefire.junit4.JUnit4Provider.executeWithRerun(JUnit4Provider.java:173)
	at org.apache.maven.surefire.junit4.JUnit4Provider.executeTestSet(JUnit4Provider.java:153)
	at org.apache.maven.surefire.junit4.JUnit4Provider.invoke(JUnit4Provider.java:128)
	at org.apache.maven.surefire.booter.ForkedBooter.invokeProviderInSameClassLoader(ForkedBooter.java:203)
	at org.apache.maven.surefire.booter.ForkedBooter.runSuitesInProcess(ForkedBooter.java:155)
	at org.apache.maven.surefire.booter.ForkedBooter.main(ForkedBooter.java:103)

16 jan 09:49:26,156  SCREENSHOT getScreenShot  file:////C:\SAFSP\SafEbba\screenshot\POCSportTests\16_jan_2015_09_49_24_startSportOrder.pngC:\SAFSP\SafEbba\screenshot\POCSportTests\16_jan_2015_09_49_24_startSportOrder.png
16 jan 09:49:27,716  
****************************************************************
**************TEST CASE, STARTSPORTORDER FAILED**************
***********************************************************

]]></system-out>
    <system-err><![CDATA[Started InternetExplorerDriver server (64-bit)
2.39.0.0
Listening on port 15917
]]></system-err>
  </testcase>
</testsuite>