<?xml version="1.0" encoding="UTF-8"?>
<testsuite name="demoTestPackage.POCSportTests" time="93.578" tests="1" errors="1" skipped="0" failures="0">
  <properties>
[...]
</properties>
  <testcase name="startSportOrder" classname="demoTestPackage.POCSportTests" time="93.578">
    <error type="java.lang.NullPointerException:">java.lang.NullPointerException: null
	at javax.imageio.ImageIO.write(ImageIO.java:1523)
	at commonFuncMgn.ScreenShot.getScreenShot(ScreenShot.java:66)
	at commonFuncMgn.ScreenShot.getScreenShot(ScreenShot.java:83)
	at testrulesmanagement.TestRuleTestCaseLevel$1.evaluate(TestRuleTestCaseLevel.java:63)
	at org.junit.rules.RunRules.evaluate(RunRules.java:20)
	at org.junit.runners.ParentRunner.runLeaf(ParentRunner.java:325)
	at org.junit.runners.BlockJUnit4ClassRunner.runChild(BlockJUnit4ClassRunner.java:76)
	at org.junit.runners.BlockJUnit4ClassRunner.runChild(BlockJUnit4ClassRunner.java:55)
	at org.junit.runners.ParentRunner$3.run(ParentRunner.java:290)
	at org.junit.runners.ParentRunner$1.schedule(ParentRunner.java:71)
	at org.junit.runners.ParentRunner.runChildren(ParentRunner.java:288)
	at org.junit.runners.ParentRunner.access$000(ParentRunner.java:58)
	at org.junit.runners.ParentRunner$2.evaluate(ParentRunner.java:268)
	at testrulesmanagement.TestRuleTestClassLevel$1.evaluate(TestRuleTestClassLevel.java:44)
	at org.junit.rules.RunRules.evaluate(RunRules.java:20)
	at org.junit.runners.ParentRunner.run(ParentRunner.java:363)
	at org.apache.maven.surefire.junit4.JUnit4Provider.execute(JUnit4Provider.java:283)
	at org.apache.maven.surefire.junit4.JUnit4Provider.executeWithRerun(JUnit4Provider.java:173)
	at org.apache.maven.surefire.junit4.JUnit4Provider.executeTestSet(JUnit4Provider.java:153)
	at org.apache.maven.surefire.junit4.JUnit4Provider.invoke(JUnit4Provider.java:128)
	at org.apache.maven.surefire.booter.ForkedBooter.invokeProviderInSameClassLoader(ForkedBooter.java:203)
	at org.apache.maven.surefire.booter.ForkedBooter.runSuitesInProcess(ForkedBooter.java:155)
	at org.apache.maven.surefire.booter.ForkedBooter.main(ForkedBooter.java:103)
</error>
    <system-out><![CDATA[26 jan 18:58:24,696  
##############################################################
##############################################################
################TEST CLASS POCSPORTTESTS STARTS#################
##############################################################
##############################################################

26 jan 18:58:24,712  
****************************************************************
**************TEST CASE, startSportOrder, STARTS**************
26 jan 18:58:24,712  COMMONTESTSTEPS StartTheWebApplication  http://proj.salesportal.scania.com:10039/wps/portal/
26 jan 18:58:45,673  COMMONTESTSTEPS login 
26 jan 18:58:45,688  LOGINPAGE fieldUserIDInsert  xdstest1
26 jan 18:58:45,939  LOGINPAGE fieldPasswordInsert  ******
26 jan 18:58:46,142  LOGINPAGE buttonLogOnClick 
26 jan 18:58:58,611  SALESPORTMAINPAGE tabStockRefillClick 
26 jan 18:59:00,690  STOCKREFILL buttonNewStockRefillClick 
26 jan 18:59:13,285  STOCKREFILL fieldPurchasingOrganisationInsert  Vilnius, UAB Scania Lietuva (LT10)
26 jan 18:59:14,784  STOCKREFILL fieldDescriptionInsert  Lithuanian Desc
26 jan 18:59:15,144  STOCKREFILL fieldLanguageInsert  Lithuanian
26 jan 18:59:18,190  STOCKREFILL fieldCurrencyInsert  EUR
26 jan 18:59:21,763  STOCKREFILL buttonCreateClick 
26 jan 18:59:27,720  EDITREFILLORDER fieldCreatedDateTodayAssert 
26 jan 18:59:27,877  EDITREFILLORDER fieldPurchasingOrganizationTextAssert 
26 jan 18:59:58,195  
--------------ERROR MESSGE:--------------
No Element Was Found by: By.className: dijitReset dijitInputField dijitInputContainer
 EXCEPTION THROWN: org.openqa.selenium.InvalidSelectorException: The given selector dijitReset dijitInputField dijitInputContainer is either invalid or does not result in a WebElement. The following error occurred:
InvalidSelectorError: Compound class names not permitted
Command duration or timeout: 16 milliseconds
For documentation on this error, please visit: http://seleniumhq.org/exceptions/invalid_selector_exception.html
Build info: version: '2.44.0', revision: '76d78cf323ce037c5f92db6c1bba601c2ac43ad8', time: '2014-10-23 13:11:40'
System info: host: 'RD0029250', ip: '10.201.5.124', os.name: 'Windows 7', os.arch: 'amd64', os.version: '6.1', java.version: '1.6.0_45'
Session ID: b8736ed4-bc14-4a41-9eea-3676e81578dd
Driver info: org.openqa.selenium.firefox.FirefoxDriver
Capabilities [{platform=WINDOWS, acceptSslCerts=true, javascriptEnabled=true, browserName=firefox, rotatable=false, locationContextEnabled=true, version=26.0, cssSelectorsEnabled=true, databaseEnabled=true, handlesAlerts=true, browserConnectionEnabled=true, nativeEvents=false, webStorageEnabled=true, applicationCacheEnabled=true, takesScreenshot=true}]
--------------STACK TRACE:--------------

26 jan 18:59:58,195  java.lang.RuntimeException: No Element Was Found by: By.className: dijitReset dijitInputField dijitInputContainer
 EXCEPTION THROWN: org.openqa.selenium.InvalidSelectorException: The given selector dijitReset dijitInputField dijitInputContainer is either invalid or does not result in a WebElement. The following error occurred:
InvalidSelectorError: Compound class names not permitted
Command duration or timeout: 16 milliseconds
For documentation on this error, please visit: http://seleniumhq.org/exceptions/invalid_selector_exception.html
Build info: version: '2.44.0', revision: '76d78cf323ce037c5f92db6c1bba601c2ac43ad8', time: '2014-10-23 13:11:40'
System info: host: 'RD0029250', ip: '10.201.5.124', os.name: 'Windows 7', os.arch: 'amd64', os.version: '6.1', java.version: '1.6.0_45'
Session ID: b8736ed4-bc14-4a41-9eea-3676e81578dd
Driver info: org.openqa.selenium.firefox.FirefoxDriver
Capabilities [{platform=WINDOWS, acceptSslCerts=true, javascriptEnabled=true, browserName=firefox, rotatable=false, locationContextEnabled=true, version=26.0, cssSelectorsEnabled=true, databaseEnabled=true, handlesAlerts=true, browserConnectionEnabled=true, nativeEvents=false, webStorageEnabled=true, applicationCacheEnabled=true, takesScreenshot=true}]
	at elementmanagement.seleniumWebDriverElementMgn.FindWebDriverElement.wiatAndGetElement(FindWebDriverElement.java:270)
	at elementmanagement.seleniumWebDriverElementMgn.FindWebDriverElement.waitForElementByClassAndIndex(FindWebDriverElement.java:158)
	at elementmanagement.seleniumWebDriverElementMgn.OperateOnWebDriverElement.assertFieldByClass(OperateOnWebDriverElement.java:760)
	at windowAndPageMgn.pageMgn.Pages.EditRefillOrder.fieldPurchasingOrganizationTextAssert(EditRefillOrder.java:27)
	at demoTestPackage.POCSportTests.startSportOrder(POCSportTests.java:54)
	at sun.reflect.NativeMethodAccessorImpl.invoke0(Native Method)
	at sun.reflect.NativeMethodAccessorImpl.invoke(NativeMethodAccessorImpl.java:39)
	at sun.reflect.DelegatingMethodAccessorImpl.invoke(DelegatingMethodAccessorImpl.java:25)
	at java.lang.reflect.Method.invoke(Method.java:597)
	at org.junit.runners.model.FrameworkMethod$1.runReflectiveCall(FrameworkMethod.java:50)
	at org.junit.internal.runners.model.ReflectiveCallable.run(ReflectiveCallable.java:12)
	at org.junit.runners.model.FrameworkMethod.invokeExplosively(FrameworkMethod.java:47)
	at org.junit.internal.runners.statements.InvokeMethod.evaluate(InvokeMethod.java:17)
	at org.junit.internal.runners.statements.RunBefores.evaluate(RunBefores.java:26)
	at org.junit.internal.runners.statements.RunAfters.evaluate(RunAfters.java:27)
	at testrulesmanagement.TestRuleTestCaseLevel$1.evaluate(TestRuleTestCaseLevel.java:46)
	at org.junit.rules.RunRules.evaluate(RunRules.java:20)
	at org.junit.runners.ParentRunner.runLeaf(ParentRunner.java:325)
	at org.junit.runners.BlockJUnit4ClassRunner.runChild(BlockJUnit4ClassRunner.java:76)
	at org.junit.runners.BlockJUnit4ClassRunner.runChild(BlockJUnit4ClassRunner.java:55)
	at org.junit.runners.ParentRunner$3.run(ParentRunner.java:290)
	at org.junit.runners.ParentRunner$1.schedule(ParentRunner.java:71)
	at org.junit.runners.ParentRunner.runChildren(ParentRunner.java:288)
	at org.junit.runners.ParentRunner.access$000(ParentRunner.java:58)
	at org.junit.runners.ParentRunner$2.evaluate(ParentRunner.java:268)
	at testrulesmanagement.TestRuleTestClassLevel$1.evaluate(TestRuleTestClassLevel.java:44)
	at org.junit.rules.RunRules.evaluate(RunRules.java:20)
	at org.junit.runners.ParentRunner.run(ParentRunner.java:363)
	at org.apache.maven.surefire.junit4.JUnit4Provider.execute(JUnit4Provider.java:283)
	at org.apache.maven.surefire.junit4.JUnit4Provider.executeWithRerun(JUnit4Provider.java:173)
	at org.apache.maven.surefire.junit4.JUnit4Provider.executeTestSet(JUnit4Provider.java:153)
	at org.apache.maven.surefire.junit4.JUnit4Provider.invoke(JUnit4Provider.java:128)
	at org.apache.maven.surefire.booter.ForkedBooter.invokeProviderInSameClassLoader(ForkedBooter.java:203)
	at org.apache.maven.surefire.booter.ForkedBooter.runSuitesInProcess(ForkedBooter.java:155)
	at org.apache.maven.surefire.booter.ForkedBooter.main(ForkedBooter.java:103)

]]></system-out>
    <system-err><![CDATA[java.io.FileNotFoundException: C:\SAFSPORT\salesportal\client\sport\sport-test\src\main\SafSport\screenshot\POCSportTests\26_jan_2015_18_59_58_startSportOrder.png (The system cannot find the path specified)
	at java.io.RandomAccessFile.open(Native Method)
	at java.io.RandomAccessFile.<init>(RandomAccessFile.java:216)
	at javax.imageio.stream.FileImageOutputStream.<init>(FileImageOutputStream.java:53)
	at com.sun.imageio.spi.FileImageOutputStreamSpi.createOutputStreamInstance(FileImageOutputStreamSpi.java:37)
	at javax.imageio.ImageIO.createImageOutputStream(ImageIO.java:393)
	at javax.imageio.ImageIO.write(ImageIO.java:1514)
	at commonFuncMgn.ScreenShot.getScreenShot(ScreenShot.java:66)
	at commonFuncMgn.ScreenShot.getScreenShot(ScreenShot.java:83)
	at testrulesmanagement.TestRuleTestCaseLevel$1.evaluate(TestRuleTestCaseLevel.java:63)
	at org.junit.rules.RunRules.evaluate(RunRules.java:20)
	at org.junit.runners.ParentRunner.runLeaf(ParentRunner.java:325)
	at org.junit.runners.BlockJUnit4ClassRunner.runChild(BlockJUnit4ClassRunner.java:76)
	at org.junit.runners.BlockJUnit4ClassRunner.runChild(BlockJUnit4ClassRunner.java:55)
	at org.junit.runners.ParentRunner$3.run(ParentRunner.java:290)
	at org.junit.runners.ParentRunner$1.schedule(ParentRunner.java:71)
	at org.junit.runners.ParentRunner.runChildren(ParentRunner.java:288)
	at org.junit.runners.ParentRunner.access$000(ParentRunner.java:58)
	at org.junit.runners.ParentRunner$2.evaluate(ParentRunner.java:268)
	at testrulesmanagement.TestRuleTestClassLevel$1.evaluate(TestRuleTestClassLevel.java:44)
	at org.junit.rules.RunRules.evaluate(RunRules.java:20)
	at org.junit.runners.ParentRunner.run(ParentRunner.java:363)
	at org.apache.maven.surefire.junit4.JUnit4Provider.execute(JUnit4Provider.java:283)
	at org.apache.maven.surefire.junit4.JUnit4Provider.executeWithRerun(JUnit4Provider.java:173)
	at org.apache.maven.surefire.junit4.JUnit4Provider.executeTestSet(JUnit4Provider.java:153)
	at org.apache.maven.surefire.junit4.JUnit4Provider.invoke(JUnit4Provider.java:128)
	at org.apache.maven.surefire.booter.ForkedBooter.invokeProviderInSameClassLoader(ForkedBooter.java:203)
	at org.apache.maven.surefire.booter.ForkedBooter.runSuitesInProcess(ForkedBooter.java:155)
	at org.apache.maven.surefire.booter.ForkedBooter.main(ForkedBooter.java:103)
]]></system-err>
  </testcase>
</testsuite>